Removed Member From Class: ClassName=Power Member=C?
Removed Member From Class: ClassName=Programmable Load Member=C?
Removed Member From Class: ClassName=USB Communication Member=C?
Removed Member From Class: ClassName=Fan Driver Member=D?
Removed Member From Class: ClassName=Power Member=D?
Removed Member From Class: ClassName=USB Communication Member=D?
Removed Member From Class: ClassName=Microcontroller Member=IC?
Removed Member From Class: ClassName=Fan Driver Member=R?
Removed Member From Class: ClassName=Microcontroller Member=R?
Removed Member From Class: ClassName=Programmable Load Member=R?
Removed Member From Class: ClassName=USB Communication Member=R?
Removed Member From Class: ClassName=Power Member=TP?
Removed Member From Class: ClassName=Power Member=U?
Removed Member From Class: ClassName=Programmable Load Member=U?
Removed Member From Class: ClassName=USB Communication Member=U?
Change Component Designator: OldDesignator=C? NewDesignator=C1
Change Component Designator: OldDesignator=C? NewDesignator=C2
Change Component Designator: OldDesignator=C? NewDesignator=C3
Change Component Designator: OldDesignator=C? NewDesignator=C4
Change Component Designator: OldDesignator=C? NewDesignator=C5
Change Component Designator: OldDesignator=C? NewDesignator=C6
Change Component Designator: OldDesignator=C? NewDesignator=C7
Change Component Designator: OldDesignator=C? NewDesignator=C8
Change Component Designator: OldDesignator=C? NewDesignator=C9
Change Component Designator: OldDesignator=C? NewDesignator=C10
Change Component Designator: OldDesignator=C? NewDesignator=C11
Change Component Designator: OldDesignator=C? NewDesignator=C12
Change Component Designator: OldDesignator=C? NewDesignator=C13
Change Component Designator: OldDesignator=C? NewDesignator=C14
Change Component Designator: OldDesignator=C? NewDesignator=C15
Change Component Designator: OldDesignator=C? NewDesignator=C16
Change Component Designator: OldDesignator=C? NewDesignator=C17
Change Component Designator: OldDesignator=C? NewDesignator=C18
Change Component Designator: OldDesignator=C? NewDesignator=C19
Change Component Designator: OldDesignator=C? NewDesignator=C20
Change Component Designator: OldDesignator=C? NewDesignator=C21
Change Component Designator: OldDesignator=C? NewDesignator=C22
Change Component Designator: OldDesignator=C? NewDesignator=C23
Change Component Designator: OldDesignator=C? NewDesignator=C24
Change Component Designator: OldDesignator=C? NewDesignator=C25
Change Component Designator: OldDesignator=C? NewDesignator=C26
Change Component Designator: OldDesignator=D? NewDesignator=D1
Change Component Designator: OldDesignator=D? NewDesignator=D2
Change Component Designator: OldDesignator=D? NewDesignator=D3
Change Component Designator: OldDesignator=D? NewDesignator=D4
Change Component Designator: OldDesignator=D? NewDesignator=D5
Change Component Designator: OldDesignator=D? NewDesignator=D6
Change Component Designator: OldDesignator=D? NewDesignator=D7
Change Component Designator: OldDesignator=D? NewDesignator=D8
Change Component Designator: OldDesignator=D? NewDesignator=D9
Change Component Designator: OldDesignator=D? NewDesignator=D10
Change Component Designator: OldDesignator=D? NewDesignator=D11
Change Component Designator: OldDesignator=D? NewDesignator=D12
Change Component Designator: OldDesignator=IC? NewDesignator=IC1
Change Component Designator: OldDesignator=IC? NewDesignator=IC2
Change Component Designator: OldDesignator=IC? NewDesignator=IC3
Change Component Designator: OldDesignator=IC? NewDesignator=IC4
Change Component Designator: OldDesignator=J? NewDesignator=J1
Change Component Designator: OldDesignator=L? NewDesignator=L1
Change Component Designator: OldDesignator=P? NewDesignator=P1
Change Component Designator: OldDesignator=R? NewDesignator=R1
Change Component Designator: OldDesignator=R? NewDesignator=R2
Change Component Designator: OldDesignator=R? NewDesignator=R3
Change Component Designator: OldDesignator=R? NewDesignator=R4
Change Component Designator: OldDesignator=R? NewDesignator=R5
Change Component Designator: OldDesignator=R? NewDesignator=R6
Change Component Designator: OldDesignator=R? NewDesignator=R7
Change Component Designator: OldDesignator=R? NewDesignator=R8
Change Component Designator: OldDesignator=R? NewDesignator=R9
Change Component Designator: OldDesignator=R? NewDesignator=R10
Change Component Designator: OldDesignator=R? NewDesignator=R11
Change Component Designator: OldDesignator=R? NewDesignator=R12
Change Component Designator: OldDesignator=R? NewDesignator=R13
Change Component Designator: OldDesignator=R? NewDesignator=R14
Change Component Designator: OldDesignator=R? NewDesignator=R15
Change Component Designator: OldDesignator=R? NewDesignator=R16
Change Component Designator: OldDesignator=R? NewDesignator=R17
Change Component Designator: OldDesignator=R? NewDesignator=R18
Change Component Designator: OldDesignator=R? NewDesignator=R19
Change Component Designator: OldDesignator=R? NewDesignator=R20
Change Component Designator: OldDesignator=R? NewDesignator=R21
Change Component Designator: OldDesignator=R? NewDesignator=R22
Change Component Designator: OldDesignator=R? NewDesignator=R23
Change Component Designator: OldDesignator=R? NewDesignator=R24
Change Component Designator: OldDesignator=R? NewDesignator=R25
Change Component Designator: OldDesignator=R? NewDesignator=R26
Change Component Designator: OldDesignator=R? NewDesignator=R27
Change Component Designator: OldDesignator=R? NewDesignator=R28
Change Component Designator: OldDesignator=R? NewDesignator=R29
Change Component Designator: OldDesignator=S? NewDesignator=S1
Change Component Designator: OldDesignator=S? NewDesignator=S2
Change Component Designator: OldDesignator=TP? NewDesignator=TP1
Change Component Designator: OldDesignator=TP? NewDesignator=TP2
Change Component Designator: OldDesignator=TP? NewDesignator=TP3
Change Component Designator: OldDesignator=TP? NewDesignator=TP4
Change Component Designator: OldDesignator=TP? NewDesignator=TP5
Change Component Designator: OldDesignator=TP? NewDesignator=TP6
Change Component Designator: OldDesignator=TP? NewDesignator=TP7
Change Component Designator: OldDesignator=TP? NewDesignator=TP8
Change Component Designator: OldDesignator=U? NewDesignator=U1
Change Component Designator: OldDesignator=U? NewDesignator=U2
Change Component Designator: OldDesignator=U? NewDesignator=U3
Change Component Designator: OldDesignator=U? NewDesignator=U4
Change Component Designator: OldDesignator=U? NewDesignator=U5
Change Component Designator: OldDesignator=U? NewDesignator=U6
Change Net Name : Old Net Name=NetC?_1 New Net Name=NetC17_1
Change Net Name : Old Net Name=NetC?_2 New Net Name=NetC23_2
Change Net Name : Old Net Name=NetD?_1 New Net Name=NetD12_1
Change Net Name : Old Net Name=NetD?_2 New Net Name=NetD5_2
Change Net Name : Old Net Name=NetIC?_1 New Net Name=NetIC2_1
Change Net Name : Old Net Name=NetL?_1 New Net Name=NetL1_1
Change Net Name : Old Net Name=NetR?_1 New Net Name=NetR21_1
Change Net Name : Old Net Name=NetR?_2 New Net Name=NetR27_2
Change Net Name : Old Net Name=NetTP?_1 New Net Name=NetTP2_1
Change Net Name : Old Net Name=NetU?_3 New Net Name=NetU5_3
Change Net Name : Old Net Name=NetU?_4 New Net Name=NetU2_4
Added Pin To Net: NetName=NetC17_2 Pin=C17-2
Added Pin To Net: NetName=NetC17_2 Pin=R20-2
Added Pin To Net: NetName=NetC17_2 Pin=U2-8
Added Net: Name=NetC17_2
Added Pin To Net: NetName=NetC21_2 Pin=C21-2
Added Pin To Net: NetName=NetC21_2 Pin=C22-2
Added Pin To Net: NetName=NetC21_2 Pin=D12-2
Added Pin To Net: NetName=NetC21_2 Pin=R24-1
Added Pin To Net: NetName=NetC21_2 Pin=R25-2
Added Pin To Net: NetName=NetC21_2 Pin=TP6-1
Added Net: Name=NetC21_2
Added Pin To Net: NetName=NetC24_2 Pin=C24-2
Added Pin To Net: NetName=NetC24_2 Pin=R27-1
Added Net: Name=NetC24_2
Added Pin To Net: NetName=NetC26_2 Pin=C26-2
Added Pin To Net: NetName=NetC26_2 Pin=R29-1
Added Pin To Net: NetName=NetC26_2 Pin=TP8-1
Added Pin To Net: NetName=NetC26_2 Pin=U6-5
Added Net: Name=NetC26_2
Added Pin To Net: NetName=NetD1_1 Pin=D1-1
Added Pin To Net: NetName=NetD1_1 Pin=R3-1
Added Net: Name=NetD1_1
Added Pin To Net: NetName=NetD2_1 Pin=D2-1
Added Pin To Net: NetName=NetD2_1 Pin=R4-1
Added Net: Name=NetD2_1
Added Pin To Net: NetName=NetD3_1 Pin=D3-1
Added Pin To Net: NetName=NetD3_1 Pin=R5-1
Added Net: Name=NetD3_1
Added Pin To Net: NetName=NetD4_1 Pin=D4-1
Added Pin To Net: NetName=NetD4_1 Pin=R6-2
Added Net: Name=NetD4_1
Added Pin To Net: NetName=NetD4_2 Pin=D4-2
Added Pin To Net: NetName=NetD4_2 Pin=U1-14
Added Net: Name=NetD4_2
Added Pin To Net: NetName=NetD5_1 Pin=D5-1
Added Pin To Net: NetName=NetD5_1 Pin=R7-2
Added Net: Name=NetD5_1
Added Pin To Net: NetName=NetD6_1 Pin=D6-1
Added Pin To Net: NetName=NetD6_1 Pin=D9-2
Added Pin To Net: NetName=NetD6_1 Pin=IC2-3
Added Net: Name=NetD6_1
Added Pin To Net: NetName=NetD7_1 Pin=D7-1
Added Pin To Net: NetName=NetD7_1 Pin=D10-2
Added Pin To Net: NetName=NetD7_1 Pin=IC3-3
Added Net: Name=NetD7_1
Added Pin To Net: NetName=NetD8_1 Pin=D8-1
Added Pin To Net: NetName=NetD8_1 Pin=D11-2
Added Pin To Net: NetName=NetD8_1 Pin=IC4-3
Added Net: Name=NetD8_1
Added Pin To Net: NetName=NetD9_1 Pin=D9-1
Added Pin To Net: NetName=NetD9_1 Pin=R11-1
Added Net: Name=NetD9_1
Added Pin To Net: NetName=NetD10_1 Pin=D10-1
Added Pin To Net: NetName=NetD10_1 Pin=R12-1
Added Net: Name=NetD10_1
Added Pin To Net: NetName=NetD11_1 Pin=D11-1
Added Pin To Net: NetName=NetD11_1 Pin=R13-1
Added Net: Name=NetD11_1
Added Pin To Net: NetName=NetIC3_1 Pin=IC3-1
Added Pin To Net: NetName=NetIC3_1 Pin=R15-1
Added Net: Name=NetIC3_1
Added Pin To Net: NetName=NetIC4_1 Pin=IC4-1
Added Pin To Net: NetName=NetIC4_1 Pin=R16-1
Added Net: Name=NetIC4_1
Added Pin To Net: NetName=NetR8_1 Pin=R8-1
Added Pin To Net: NetName=NetR8_1 Pin=R9-2
Added Pin To Net: NetName=NetR8_1 Pin=U1-8
Added Net: Name=NetR8_1
Added Pin To Net: NetName=NetR10_1 Pin=R10-1
Added Pin To Net: NetName=NetR10_1 Pin=U1-9
Added Net: Name=NetR10_1
Added Pin To Net: NetName=NetR14_2 Pin=R14-2
Added Pin To Net: NetName=NetR14_2 Pin=R17-2
Added Net: Name=NetR14_2
Added Pin To Net: NetName=NetR15_2 Pin=R15-2
Added Pin To Net: NetName=NetR15_2 Pin=R18-2
Added Net: Name=NetR15_2
Added Pin To Net: NetName=NetR16_2 Pin=R16-2
Added Pin To Net: NetName=NetR16_2 Pin=R19-2
Added Net: Name=NetR16_2
Added Pin To Net: NetName=NetR25_1 Pin=R25-1
Added Pin To Net: NetName=NetR25_1 Pin=R26-2
Added Pin To Net: NetName=NetR25_1 Pin=U5-2
Added Net: Name=NetR25_1
Added Pin To Net: NetName=NetR28_2 Pin=R28-2
Added Pin To Net: NetName=NetR28_2 Pin=U6-1
Added Pin To Net: NetName=NetR28_2 Pin=U6-3
Added Net: Name=NetR28_2
Added Pin To Net: NetName=NetTP1_1 Pin=TP1-1
Added Pin To Net: NetName=NetTP1_1 Pin=U1-3
Added Net: Name=NetTP1_1
Added Pin To Net: NetName=NetTP3_1 Pin=TP3-1
Added Pin To Net: NetName=NetTP3_1 Pin=U1-4
Added Net: Name=NetTP3_1
Added Pin To Net: NetName=NetTP4_1 Pin=TP4-1
Added Pin To Net: NetName=NetTP4_1 Pin=U1-21
Added Net: Name=NetTP4_1
Added Pin To Net: NetName=NetU2_3 Pin=U2-3
Added Net: Name=NetU2_3
Added Member To Class: ClassName=Microcontroller Member=Component C1 0.1 µF
Added Member To Class: ClassName=Microcontroller Member=Component C2 0.1 µF
Added Member To Class: ClassName=Microcontroller Member=Component C3 1 µF
Added Member To Class: ClassName=Microcontroller Member=Component C4 10000 pF
Added Member To Class: ClassName=Microcontroller Member=Component C5 4.7 µF
Added Member To Class: ClassName=Microcontroller Member=Component C6 0.1 µF
Added Member To Class: ClassName=Microcontroller Member=Component C7 4.7 µF
Added Member To Class: ClassName=Microcontroller Member=Component C8 0.1 µF
Added Member To Class: ClassName=Microcontroller Member=Component C9 4.7 µF
Added Member To Class: ClassName=Microcontroller Member=Component C10 0.1 µF
Added Member To Class: ClassName=Microcontroller Member=Component C12 0.1 µF
Added Member To Class: ClassName=USB Communication Member=Component C13 4.7 µF
Added Member To Class: ClassName=USB Communication Member=Component C14 0.1 µF
Added Member To Class: ClassName=USB Communication Member=Component C15 4.7 µF
Added Member To Class: ClassName=USB Communication Member=Component C16 0.1 µF
Added Member To Class: ClassName=Programmable Load Member=Component C17 0.1 µF
Added Member To Class: ClassName=Programmable Load Member=Component C18 0.1 µF
Added Member To Class: ClassName=Power Member=Component C19 4.7 µF
Added Member To Class: ClassName=Power Member=Component C20 1 µF
Added Member To Class: ClassName=Power Member=Component C21 22 µF
Added Member To Class: ClassName=Power Member=Component C22 22 µF
Added Member To Class: ClassName=Power Member=Component C23 0.1 µF
Added Member To Class: ClassName=Power Member=Component C24 820 pF
Added Member To Class: ClassName=Power Member=Component C25 1 µF
Added Member To Class: ClassName=Power Member=Component C26 1 µF
Added Member To Class: ClassName=Microcontroller Member=Component D2 Red
Added Member To Class: ClassName=Microcontroller Member=Component D3 Green
Added Member To Class: ClassName=USB Communication Member=Component D4 Blue
Added Member To Class: ClassName=USB Communication Member=Component D5 Red
Added Member To Class: ClassName=Fan Driver Member=Component D6 S2A-13-F
Added Member To Class: ClassName=Fan Driver Member=Component D7 S2A-13-F
Added Member To Class: ClassName=Fan Driver Member=Component D8 S2A-13-F
Added Member To Class: ClassName=Fan Driver Member=Component D9 Green
Added Member To Class: ClassName=Fan Driver Member=Component D10 Green
Added Member To Class: ClassName=Fan Driver Member=Component D11 Green
Added Member To Class: ClassName=Power Member=Component D12 V3F6HM3/H
Added Member To Class: ClassName=Microcontroller Member=Component IC1 STM32F446RET6
Added Member To Class: ClassName=Fan Driver Member=Component IC2 DMG3418L-7
Added Member To Class: ClassName=Fan Driver Member=Component IC4 DMG3418L-7
Added Member To Class: ClassName=Microcontroller Member=Component R1 100 kOhms
Added Member To Class: ClassName=Microcontroller Member=Component R2 100 kOhms
Added Member To Class: ClassName=Microcontroller Member=Component R3 1 kOhms
Added Member To Class: ClassName=Microcontroller Member=Component R4 1 kOhms
Added Member To Class: ClassName=Microcontroller Member=Component R5 1 kOhms
Added Member To Class: ClassName=USB Communication Member=Component R6 470 Ohms
Added Member To Class: ClassName=USB Communication Member=Component R7 470 Ohms
Added Member To Class: ClassName=USB Communication Member=Component R8 22.1 kOhms
Added Member To Class: ClassName=USB Communication Member=Component R9 47.5 kOhms
Added Member To Class: ClassName=USB Communication Member=Component R10 1 kOhms
Added Member To Class: ClassName=Fan Driver Member=Component R11 4.7 kOhms
Added Member To Class: ClassName=Fan Driver Member=Component R12 4.7 kOhms
Added Member To Class: ClassName=Fan Driver Member=Component R13 4.7 kOhms
Added Member To Class: ClassName=Fan Driver Member=Component R14 10 kOhms
Added Member To Class: ClassName=Fan Driver Member=Component R15 10 kOhms
Added Member To Class: ClassName=Fan Driver Member=Component R16 10 kOhms
Added Member To Class: ClassName=Fan Driver Member=Component R17 10 kOhms
Added Member To Class: ClassName=Fan Driver Member=Component R18 10 kOhms
Added Member To Class: ClassName=Fan Driver Member=Component R19 10 kOhms
Added Member To Class: ClassName=Programmable Load Member=Component R20 10 Ohms
Added Member To Class: ClassName=Programmable Load Member=Component R21 2 mOhms
Added Member To Class: ClassName=Programmable Load Member=Component R22 10 Ohms
Added Member To Class: ClassName=Power Member=Component R23 0 Ohms
Added Member To Class: ClassName=Power Member=Component R25 158 kOhms
Added Member To Class: ClassName=Power Member=Component R26 18 kOhms
Added Member To Class: ClassName=Power Member=Component R27 68 kOhms
Added Member To Class: ClassName=Power Member=Component R28 0 Ohms
Added Member To Class: ClassName=Power Member=Component R29 0 Ohms
Added Member To Class: ClassName=Microcontroller Member=Component S1 1571563-4
Added Member To Class: ClassName=USB Communication Member=Component TP2 1.5mm Test Point
Added Member To Class: ClassName=USB Communication Member=Component TP3 S2751-46R
Added Member To Class: ClassName=USB Communication Member=Component TP4 1.5mm Test Point
Added Member To Class: ClassName=Power Member=Component TP5 1.5mm Test Point
Added Member To Class: ClassName=Power Member=Component TP6 1.5mm Test Point
Added Member To Class: ClassName=Power Member=Component TP7 1.5mm Test Point
Added Member To Class: ClassName=Power Member=Component TP8 1.5mm Test Point
Added Member To Class: ClassName=USB Communication Member=Component U1 CP2102N-A02-GQFN24
Added Member To Class: ClassName=Programmable Load Member=Component U2 INA219AIDR
Added Member To Class: ClassName=Programmable Load Member=Component U3 LMV324IPWR
Added Member To Class: ClassName=Programmable Load Member=Component U4 LMV358IDR
Added Member To Class: ClassName=Power Member=Component U5 TPS61086DRCR
Added Member To Class: ClassName=Power Member=Component U6 AP2112K-3.3TRG1
Added Room: Name=Fan Driver
Added Room: Name=Microcontroller
Added Room: Name=Power
Added Room: Name=Programmable Load
Added Room: Name=Top Level
Added Room: Name=USB Communication
